<?xml version="1.0" encoding="UTF-8"?>
<!-- Generated by org.testng.reporters.JUnitReportReporter -->
<testsuite skipped="0" hostname="DESKTOP-GHQ916B" name="practice1.sample3_Priority_keyword" tests="4" failures="0" timestamp="2021-12-12T16:18:41 IST" time="0.035" errors="0">
  <testcase name="TC1" time="0.024" classname="practice1.sample3_Priority_keyword"/>
  <system-out>
    <![CDATA[running TC1]]>
  </system-out>
  <testcase name="TC4" time="0.005" classname="practice1.sample3_Priority_keyword"/>
  <system-out>
    <![CDATA[running TC4..]]>
  </system-out>
  <testcase name="TC2" time="0.003" classname="practice1.sample3_Priority_keyword"/>
  <system-out>
    <![CDATA[running TC2..]]>
  </system-out>
  <testcase name="TC3" time="0.003" classname="practice1.sample3_Priority_keyword"/>
  <system-out>
    <![CDATA[running TC3..]]>
  </system-out>
</testsuite> <!-- practice1.sample3_Priority_keyword -->
