<?xml version="1.0" encoding="UTF-8"?>
<!-- Generated by org.testng.reporters.JUnitReportReporter -->
<testsuite skipped="0" hostname="DESKTOP-GHQ916B" name="practice1.sample2" tests="1" failures="0" timestamp="2021-08-30T14:50:34 IST" time="0.002" errors="0">
  <testcase name="TC4" time="0.002" classname="practice1.sample2"/>
  <system-out>
    <![CDATA[hellow]]>
  </system-out>
</testsuite> <!-- practice1.sample2 -->
