<?xml version="1.0" encoding="UTF-8"?>
<!-- Generated by org.testng.reporters.JUnitReportReporter -->
<testsuite skipped="0" hostname="DESKTOP-GHQ916B" name="practice1.sample1" tests="3" failures="0" timestamp="2021-12-12T16:21:05 IST" time="0.024" errors="0">
  <testcase name="TC3" time="0.002" classname="practice1.sample1"/>
  <system-out>
    <![CDATA[hi]]>
  </system-out>
  <testcase name="TC2" time="0.003" classname="practice1.sample1"/>
  <system-out>
    <![CDATA[hi]]>
  </system-out>
  <testcase name="TC1" time="0.019" classname="practice1.sample1"/>
  <system-out>
    <![CDATA[hi]]>
  </system-out>
</testsuite> <!-- practice1.sample1 -->
